[debug] [2023-02-12T14:24:51.931Z] ----------------------------------------------------------------------
[debug] [2023-02-12T14:24:51.932Z] Command:       C:\Program Files\nodejs\node.exe C:\Users\User\AppData\Roaming\npm\node_modules\firebase-tools\lib\bin\firebase.js init
[debug] [2023-02-12T14:24:51.933Z] CLI Version:   11.22.0
[debug] [2023-02-12T14:24:51.933Z] Platform:      win32
[debug] [2023-02-12T14:24:51.933Z] Node Version:  v16.13.1
[debug] [2023-02-12T14:24:51.933Z] Time:          Sun Feb 12 2023 20:24:51 GMT+0600 (Bangladesh Standard Time)
[debug] [2023-02-12T14:24:51.934Z] ----------------------------------------------------------------------
[debug] 
[debug] [2023-02-12T14:24:51.936Z] >>> [apiv2][query] GET https://firebase-public.firebaseio.com/cli.json [none]
[debug] [2023-02-12T14:24:51.954Z] > command requires scopes: ["email","openid","https://www.googleapis.com/auth/cloudplatformprojects.readonly","https://www.googleapis.com/auth/firebase","https://www.googleapis.com/auth/cloud-platform"]
[debug] [2023-02-12T14:24:51.954Z] > authorizing via signed-in user (fahadmannan0001@gmail.com)
[info] 
     ######## #### ########  ######## ########     ###     ######  ########
     ##        ##  ##     ## ##       ##     ##  ##   ##  ##       ##
     ######    ##  ########  ######   ########  #########  ######  ######
     ##        ##  ##    ##  ##       ##     ## ##     ##       ## ##
     ##       #### ##     ## ######## ########  ##     ##  ######  ########

You're about to initialize a Firebase project in this directory:

  C:\NodeJs\auth\assignment-12\mobile-client

Before we get started, keep in mind:

  * You are currently outside your home directory

[debug] [2023-02-12T14:24:52.767Z] <<< [apiv2][status] GET https://firebase-public.firebaseio.com/cli.json 200
[debug] [2023-02-12T14:24:52.767Z] <<< [apiv2][body] GET https://firebase-public.firebaseio.com/cli.json {"cloudBuildErrorAfter":1594252800000,"cloudBuildWarnAfter":1590019200000,"defaultNode10After":1594252800000,"minVersion":"3.0.5","node8DeploysDisabledAfter":1613390400000,"node8RuntimeDisabledAfter":1615809600000,"node8WarnAfter":1600128000000}
[debug] [2023-02-12T14:25:30.321Z] Error: Timed out.
    at Timeout._onTimeout (C:\Users\User\AppData\Roaming\npm\node_modules\firebase-tools\lib\utils.js:253:49)
    at listOnTimeout (node:internal/timers:557:17)
    at processTimers (node:internal/timers:500:7)
[error] 
[error] Error: An unexpected error has occurred.
